f:\기말준비\sdl\20131670\sdl game development\09.inheritance\debug\vc140.pdb
f:\기말준비\sdl\20131670\sdl game development\09.inheritance\debug\vc140.idb
f:\기말준비\sdl\20131670\sdl game development\09.inheritance\debug\gameoverstate.obj
f:\기말준비\sdl\20131670\sdl game development\09.inheritance\debug\gamestate.obj
f:\기말준비\sdl\20131670\sdl game development\09.inheritance\debug\gamestatemachine.obj
f:\기말준비\sdl\20131670\sdl game development\09.inheritance\debug\inputhandler.obj
f:\기말준비\sdl\20131670\sdl game development\09.inheritance\debug\loaderparams.obj
f:\기말준비\sdl\20131670\sdl game development\09.inheritance\debug\main.obj
f:\기말준비\sdl\20131670\sdl game development\09.inheritance\debug\mainmenustate.obj
f:\기말준비\sdl\20131670\sdl game development\09.inheritance\debug\menubutton.obj
f:\기말준비\sdl\20131670\sdl game development\09.inheritance\debug\menustate.obj
f:\기말준비\sdl\20131670\sdl game development\09.inheritance\debug\pausestate.obj
f:\기말준비\sdl\20131670\sdl game development\09.inheritance\debug\player.obj
f:\기말준비\sdl\20131670\sdl game development\09.inheritance\debug\playstate.obj
f:\기말준비\sdl\20131670\sdl game development\09.inheritance\debug\sdlgameobject.obj
f:\기말준비\sdl\20131670\sdl game development\09.inheritance\debug\stateparser.obj
f:\기말준비\sdl\20131670\sdl game development\09.inheritance\debug\texturemanager.obj
f:\기말준비\sdl\20131670\sdl game development\09.inheritance\debug\tinystr.obj
f:\기말준비\sdl\20131670\sdl game development\09.inheritance\debug\tinyxml.obj
f:\기말준비\sdl\20131670\sdl game development\09.inheritance\debug\tinyxmlerror.obj
f:\기말준비\sdl\20131670\sdl game development\09.inheritance\debug\tinyxmlparser.obj
f:\기말준비\sdl\20131670\sdl game development\09.inheritance\debug\vector2d.obj
f:\기말준비\sdl\20131670\sdl game development\09.inheritance\debug\animategraphic.obj
f:\기말준비\sdl\20131670\sdl game development\09.inheritance\debug\enemy.obj
f:\기말준비\sdl\20131670\sdl game development\09.inheritance\debug\food.obj
f:\기말준비\sdl\20131670\sdl game development\09.inheritance\debug\game.obj
f:\기말준비\sdl\20131670\sdl game development\09.inheritance\debug\gameobject.obj
f:\기말준비\sdl\20131670\sdl game development\09.inheritance\debug\gameobjectfactory.obj
f:\기말준비\sdl\20131670\sdl game development\09.inheritance\debug\deadline.obj
f:\기말준비\sdl\20131670\sdl game development\debug\09. inheritance.ilk
f:\기말준비\sdl\20131670\sdl game development\debug\09. inheritance.exe
f:\기말준비\sdl\20131670\sdl game development\debug\09. inheritance.pdb
f:\기말준비\sdl\20131670\sdl game development\09.inheritance\debug\09. inheritance.tlog\cl.read.1.tlog
f:\기말준비\sdl\20131670\sdl game development\09.inheritance\debug\09. inheritance.tlog\cl.write.1.tlog
f:\기말준비\sdl\20131670\sdl game development\09.inheritance\debug\09. inheritance.tlog\cl.command.1.tlog
f:\기말준비\sdl\20131670\sdl game development\09.inheritance\debug\09. inheritance.tlog\link.read.1.tlog
f:\기말준비\sdl\20131670\sdl game development\09.inheritance\debug\09. inheritance.tlog\link.write.1.tlog
f:\기말준비\sdl\20131670\sdl game development\09.inheritance\debug\09. inheritance.tlog\link.command.1.tlog
