c:\users\hwang hyebin\desktop\160610\20131670\tinyxml_2_6_2\tinyxml\debugtinyxml\tinyxml.bsc
c:\users\hwang hyebin\desktop\160610\20131670\tinyxml_2_6_2\tinyxml\debugtinyxml\tinyxml.pdb
c:\users\hwang hyebin\desktop\160610\20131670\tinyxml_2_6_2\tinyxml\debugtinyxml\tinyxml.idb
c:\users\hwang hyebin\desktop\160610\20131670\tinyxml_2_6_2\tinyxml\debugtinyxml\tinyxmlparser.sbr
c:\users\hwang hyebin\desktop\160610\20131670\tinyxml_2_6_2\tinyxml\debugtinyxml\tinyxmlerror.sbr
c:\users\hwang hyebin\desktop\160610\20131670\tinyxml_2_6_2\tinyxml\debugtinyxml\tinyxml.sbr
c:\users\hwang hyebin\desktop\160610\20131670\tinyxml_2_6_2\tinyxml\debugtinyxml\tinystr.sbr
c:\users\hwang hyebin\desktop\160610\20131670\tinyxml_2_6_2\tinyxml\debugtinyxml\tinystr.obj
c:\users\hwang hyebin\desktop\160610\20131670\tinyxml_2_6_2\tinyxml\debugtinyxml\tinyxml.obj
c:\users\hwang hyebin\desktop\160610\20131670\tinyxml_2_6_2\tinyxml\debugtinyxml\tinyxmlerror.obj
c:\users\hwang hyebin\desktop\160610\20131670\tinyxml_2_6_2\tinyxml\debugtinyxml\tinyxmlparser.obj
c:\users\hwang hyebin\desktop\160610\20131670\tinyxml_2_6_2\tinyxml\debugtinyxml\tinyxml.lib
c:\users\hwang hyebin\desktop\160610\20131670\tinyxml_2_6_2\tinyxml\debugtinyxml\tinyxml.tlog\bscmake.command.1.tlog
c:\users\hwang hyebin\desktop\160610\20131670\tinyxml_2_6_2\tinyxml\debugtinyxml\tinyxml.tlog\bscmake.read.1.tlog
c:\users\hwang hyebin\desktop\160610\20131670\tinyxml_2_6_2\tinyxml\debugtinyxml\tinyxml.tlog\bscmake.write.1.tlog
c:\users\hwang hyebin\desktop\160610\20131670\tinyxml_2_6_2\tinyxml\debugtinyxml\tinyxml.tlog\cl.command.1.tlog
c:\users\hwang hyebin\desktop\160610\20131670\tinyxml_2_6_2\tinyxml\debugtinyxml\tinyxml.tlog\cl.read.1.tlog
c:\users\hwang hyebin\desktop\160610\20131670\tinyxml_2_6_2\tinyxml\debugtinyxml\tinyxml.tlog\cl.write.1.tlog
c:\users\hwang hyebin\desktop\160610\20131670\tinyxml_2_6_2\tinyxml\debugtinyxml\tinyxml.tlog\lib-link.read.1.tlog
c:\users\hwang hyebin\desktop\160610\20131670\tinyxml_2_6_2\tinyxml\debugtinyxml\tinyxml.tlog\lib-link.write.1.tlog
c:\users\hwang hyebin\desktop\160610\20131670\tinyxml_2_6_2\tinyxml\debugtinyxml\tinyxml.tlog\lib.command.1.tlog
